In file included from /usr/include/pcl-1.7/pcl/visualization/pcl_visualizer.h:52:0,
                 from /usr/include/pcl-1.7/pcl/visualization/cloud_viewer.h:39,
                 from /home/dexheimere/thesis_ws/src/tracking/include/tracking/PointCloudMap.h:10,
                 from /home/dexheimere/thesis_ws/src/tracking/include/tracking/SparseAlignment.h:13,
                 from /home/dexheimere/thesis_ws/src/tracking/src/SparseAlignment.cpp:1:
/usr/include/pcl-1.7/pcl/visualization/area_picking_event.h: In member function ‘bool pcl::visualization::AreaPickingEvent::getPointsIndices(std::vector<int>&) const’:
/usr/include/pcl-1.7/pcl/visualization/area_picking_event.h:64:30: warning: comparison between signed and unsigned integer expressions [-Wsign-compare]
           if (nb_points_ == -1)
                              ^
/home/dexheimere/thesis_ws/src/tracking/src/SparseAlignment.cpp: In function ‘Eigen::Matrix<float, 6, 1> optimize(Eigen::Matrix<float, 6, 1>, cv::Mat, cv::Mat, cv::Mat, cv::Mat, cv::Mat, Eigen::MatrixXf, Eigen::Matrix3f, cv::Mat)’:
/home/dexheimere/thesis_ws/src/tracking/src/SparseAlignment.cpp:156:24: error: expected ‘;’ before ‘valid_pts’
   lhs = (J.transpose())valid_pts.asDiagonal()*J;
                        ^
/home/dexheimere/thesis_ws/src/tracking/src/SparseAlignment.cpp:170:9: warning: unused variable ‘alpha_prev’ [-Wunused-variable]
   float alpha_prev = theta(6);
         ^
/home/dexheimere/thesis_ws/src/tracking/src/SparseAlignment.cpp:127:8: warning: unused variable ‘e_init_norm’ [-Wunused-variable]
  float e_init_norm = 0;
        ^
make[2]: *** [CMakeFiles/tracking.dir/src/SparseAlignment.cpp.o] Error 1
make[1]: *** [CMakeFiles/tracking.dir/all] Error 2
make: *** [all] Error 2
