In file included from /usr/include/pcl-1.7/pcl/visualization/pcl_visualizer.h:52:0,
                 from /usr/include/pcl-1.7/pcl/visualization/cloud_viewer.h:39,
                 from /home/dexheimere/thesis_ws/src/tracking/include/tracking/PointCloudMap.h:10,
                 from /home/dexheimere/thesis_ws/src/tracking/include/tracking/SparseAlignment.h:13,
                 from /home/dexheimere/thesis_ws/src/tracking/src/SparseAlignment.cpp:1:
/usr/include/pcl-1.7/pcl/visualization/area_picking_event.h: In member function ‘bool pcl::visualization::AreaPickingEvent::getPointsIndices(std::vector<int>&) const’:
/usr/include/pcl-1.7/pcl/visualization/area_picking_event.h:64:30: warning: comparison between signed and unsigned integer expressions [-Wsign-compare]
           if (nb_points_ == -1)
                              ^
In file included from /usr/include/pcl-1.7/pcl/visualization/pcl_visualizer.h:52:0,
                 from /usr/include/pcl-1.7/pcl/visualization/cloud_viewer.h:39,
                 from /home/dexheimere/thesis_ws/src/tracking/include/tracking/PointCloudMap.h:10,
                 from /home/dexheimere/thesis_ws/src/tracking/include/tracking/SparseAlignment.h:13,
                 from /home/dexheimere/thesis_ws/src/tracking/src/main.cpp:20:
/usr/include/pcl-1.7/pcl/visualization/area_picking_event.h: In member function ‘bool pcl::visualization::AreaPickingEvent::getPointsIndices(std::vector<int>&) const’:
/usr/include/pcl-1.7/pcl/visualization/area_picking_event.h:64:30: warning: comparison between signed and unsigned integer expressions [-Wsign-compare]
           if (nb_points_ == -1)
                              ^
/home/dexheimere/thesis_ws/src/tracking/src/main.cpp: In function ‘int main()’:
/home/dexheimere/thesis_ws/src/tracking/src/main.cpp:103:72: error: ‘BORDER_DEFAULT’ was not declared in this scope
     cornerHarris( img_pyramid_ref[0], dst, blockSize, apertureSize, k, BORDER_DEFAULT );
                                                                        ^
/home/dexheimere/thesis_ws/src/tracking/src/main.cpp:103:72: note: suggested alternative:
In file included from /usr/local/include/opencv2/core.hpp:54:0,
                 from /home/dexheimere/thesis_ws/src/tracking/src/main.cpp:9:
/usr/local/include/opencv2/core/base.hpp:242:5: note:   ‘BORDER_DEFAULT’
     BORDER_DEFAULT     = BORDER_REFLECT_101, //!< same as BORDER_REFLECT_101
     ^
/home/dexheimere/thesis_ws/src/tracking/src/SparseAlignment.cpp: In member function ‘Eigen::Matrix<float, 8, 1> ImageAlignment::optimize(Eigen::Matrix<float, 8, 1>, cv::Mat&, cv::Mat&, cv::Mat&, cv::Mat&, cv::Mat&, Eigen::MatrixXf, Eigen::Matrix3f, cv::Mat&)’:
/home/dexheimere/thesis_ws/src/tracking/src/SparseAlignment.cpp:178:8: warning: unused variable ‘e_init_norm’ [-Wunused-variable]
  float e_init_norm = 0;
        ^
/home/dexheimere/thesis_ws/src/tracking/src/SparseAlignment.cpp: In member function ‘Eigen::Matrix<float, 8, 1> ImageAlignment::optimize2(Eigen::Matrix<float, 8, 1>, cv::Mat&, int)’:
/home/dexheimere/thesis_ws/src/tracking/src/SparseAlignment.cpp:275:8: warning: unused variable ‘e_init_norm’ [-Wunused-variable]
  float e_init_norm = 0;
        ^
make[2]: *** [CMakeFiles/tracking.dir/src/main.cpp.o] Error 1
make[2]: *** Waiting for unfinished jobs....
make[1]: *** [CMakeFiles/tracking.dir/all] Error 2
make: *** [all] Error 2
