In file included from /usr/include/pcl-1.7/pcl/visualization/pcl_visualizer.h:52:0,
                 from /usr/include/pcl-1.7/pcl/visualization/cloud_viewer.h:39,
                 from /home/dexheimere/thesis_ws/src/tracking/include/tracking/PointCloudMap.h:10,
                 from /home/dexheimere/thesis_ws/src/tracking/include/tracking/SparseAlignment.h:13,
                 from /home/dexheimere/thesis_ws/src/tracking/src/SparseAlignment.cpp:1:
/usr/include/pcl-1.7/pcl/visualization/area_picking_event.h: In member function ‘bool pcl::visualization::AreaPickingEvent::getPointsIndices(std::vector<int>&) const’:
/usr/include/pcl-1.7/pcl/visualization/area_picking_event.h:64:30: warning: comparison between signed and unsigned integer expressions [-Wsign-compare]
           if (nb_points_ == -1)
                              ^
In file included from /usr/include/pcl-1.7/pcl/visualization/pcl_visualizer.h:52:0,
                 from /usr/include/pcl-1.7/pcl/visualization/cloud_viewer.h:39,
                 from /home/dexheimere/thesis_ws/src/tracking/include/tracking/PointCloudMap.h:10,
                 from /home/dexheimere/thesis_ws/src/tracking/include/tracking/SparseAlignment.h:13,
                 from /home/dexheimere/thesis_ws/src/tracking/src/main.cpp:20:
/usr/include/pcl-1.7/pcl/visualization/area_picking_event.h: In member function ‘bool pcl::visualization::AreaPickingEvent::getPointsIndices(std::vector<int>&) const’:
/usr/include/pcl-1.7/pcl/visualization/area_picking_event.h:64:30: warning: comparison between signed and unsigned integer expressions [-Wsign-compare]
           if (nb_points_ == -1)
                              ^
/home/dexheimere/thesis_ws/src/tracking/src/SparseAlignment.cpp: In function ‘Eigen::Matrix<float, 8, 1> optimize(Eigen::Matrix<float, 8, 1>, cv::Mat&, cv::Mat&, cv::Mat&, cv::Mat&, cv::Mat&, Eigen::MatrixXf, Eigen::Matrix3f, cv::Mat&)’:
/home/dexheimere/thesis_ws/src/tracking/src/SparseAlignment.cpp:109:8: warning: unused variable ‘e_init_norm’ [-Wunused-variable]
  float e_init_norm = 0;
        ^
CMakeFiles/tracking.dir/src/SparseAlignment.cpp.o: In function `optimize(Eigen::Matrix<float, 8, 1, 0, 8, 1>, cv::Mat&, cv::Mat&, cv::Mat&, cv::Mat&, cv::Mat&, Eigen::Matrix<float, -1, -1, 0, -1, -1>, Eigen::Matrix<float, 3, 3, 0, 3, 3>, cv::Mat&)':
SparseAlignment.cpp:(.text+0x54c7): undefined reference to `warpedValues(cv::Mat, Eigen::Matrix<float, -1, -1, 0, -1, -1>, Eigen::Matrix<float, -1, 1, 0, -1, 1>)'
collect2: error: ld returned 1 exit status
make[2]: *** [/home/dexheimere/thesis_ws/devel/.private/tracking/lib/tracking/tracking] Error 1
make[1]: *** [CMakeFiles/tracking.dir/all] Error 2
make: *** [all] Error 2
