[  0%] Built target geometry_msgs_generate_messages_cpp
[  0%] Built target rosgraph_msgs_generate_messages_lisp
[  0%] Built target rosgraph_msgs_generate_messages_cpp
[  0%] Built target std_msgs_generate_messages_cpp
[  0%] Built target roscpp_generate_messages_cpp
[  0%] Built target roscpp_generate_messages_lisp
[  0%] Built target roscpp_generate_messages_py
[  0%] Built target geometry_msgs_generate_messages_lisp
[  0%] Built target std_msgs_generate_messages_py
[  0%] Built target std_msgs_generate_messages_lisp
[  0%] Built target geometry_msgs_generate_messages_py
[  0%] Built target rosgraph_msgs_generate_messages_py
[35m[1mScanning dependencies of target tracking[0m
[  9%] [32mBuilding CXX object CMakeFiles/tracking.dir/src/main.cpp.o[0m
In file included from /usr/include/pcl-1.7/pcl/visualization/pcl_visualizer.h:52:0,
                 from /usr/include/pcl-1.7/pcl/visualization/cloud_viewer.h:39,
                 from /home/dexheimere/thesis_ws/src/tracking/include/tracking/PointCloudMap.h:10,
                 from /home/dexheimere/thesis_ws/src/tracking/include/tracking/SparseAlignment.h:13,
                 from /home/dexheimere/thesis_ws/src/tracking/src/main.cpp:20:
/usr/include/pcl-1.7/pcl/visualization/area_picking_event.h: In member function ‘bool pcl::visualization::AreaPickingEvent::getPointsIndices(std::vector<int>&) const’:
/usr/include/pcl-1.7/pcl/visualization/area_picking_event.h:64:30: warning: comparison between signed and unsigned integer expressions [-Wsign-compare]
           if (nb_points_ == -1)
                              ^
[ 18%] [32m[1mLinking CXX executable /home/dexheimere/thesis_ws/devel/.private/tracking/lib/tracking/tracking[0m
[100%] Built target tracking
