In file included from /usr/include/pcl-1.7/pcl/visualization/pcl_visualizer.h:52:0,
                 from /usr/include/pcl-1.7/pcl/visualization/cloud_viewer.h:39,
                 from /home/dexheimere/thesis_ws/src/tracking/include/tracking/PointCloudMap.h:10,
                 from /home/dexheimere/thesis_ws/src/tracking/include/tracking/SparseAlignment.h:13,
                 from /home/dexheimere/thesis_ws/src/tracking/src/SparseAlignment.cpp:1:
/usr/include/pcl-1.7/pcl/visualization/area_picking_event.h: In member function ‘bool pcl::visualization::AreaPickingEvent::getPointsIndices(std::vector<int>&) const’:
/usr/include/pcl-1.7/pcl/visualization/area_picking_event.h:64:30: warning: comparison between signed and unsigned integer expressions [-Wsign-compare]
           if (nb_points_ == -1)
                              ^
In file included from /usr/include/pcl-1.7/pcl/visualization/pcl_visualizer.h:52:0,
                 from /usr/include/pcl-1.7/pcl/visualization/cloud_viewer.h:39,
                 from /home/dexheimere/thesis_ws/src/tracking/include/tracking/PointCloudMap.h:10,
                 from /home/dexheimere/thesis_ws/src/tracking/include/tracking/SparseAlignment.h:13,
                 from /home/dexheimere/thesis_ws/src/tracking/src/main.cpp:20:
/usr/include/pcl-1.7/pcl/visualization/area_picking_event.h: In member function ‘bool pcl::visualization::AreaPickingEvent::getPointsIndices(std::vector<int>&) const’:
/usr/include/pcl-1.7/pcl/visualization/area_picking_event.h:64:30: warning: comparison between signed and unsigned integer expressions [-Wsign-compare]
           if (nb_points_ == -1)
                              ^
/home/dexheimere/thesis_ws/src/tracking/src/SparseAlignment.cpp: In function ‘Eigen::Matrix<float, 8, 1> optimize(Eigen::Matrix<float, 8, 1>, cv::Mat&, cv::Mat&, cv::Mat&, cv::Mat&, cv::Mat&, Eigen::MatrixXf, Eigen::Matrix3f, cv::Mat&)’:
/home/dexheimere/thesis_ws/src/tracking/src/SparseAlignment.cpp:123:8: warning: unused variable ‘e_init_norm’ [-Wunused-variable]
  float e_init_norm = 0;
        ^
/home/dexheimere/thesis_ws/src/tracking/src/SparseAlignment.cpp: In function ‘Eigen::Matrix<float, 8, 1> optimize2(Eigen::Matrix<float, 8, 1>, cv::Mat&, cv::Mat&, cv::Mat&, cv::Mat&, Eigen::MatrixXf, Eigen::Matrix3f)’:
/home/dexheimere/thesis_ws/src/tracking/src/SparseAlignment.cpp:235:18: error: ‘ref_val’ was not declared in this scope
   e = warped_val-ref_val;
                  ^
/home/dexheimere/thesis_ws/src/tracking/src/SparseAlignment.cpp:245:24: error: ‘J’ was not declared in this scope
     J_new.row(count) = J.row(i);
                        ^
/home/dexheimere/thesis_ws/src/tracking/src/SparseAlignment.cpp:294:9: error: ‘J’ was not declared in this scope
   && ( (J.transpose()*e).lpNorm<Eigen::Infinity>() > .00000001) );
         ^
/home/dexheimere/thesis_ws/src/tracking/src/SparseAlignment.cpp:294:50: error: expected primary-expression before ‘)’ token
   && ( (J.transpose()*e).lpNorm<Eigen::Infinity>() > .00000001) );
                                                  ^
/home/dexheimere/thesis_ws/src/tracking/src/SparseAlignment.cpp:220:8: warning: unused variable ‘e_init_norm’ [-Wunused-variable]
  float e_init_norm = 0;
        ^
/home/dexheimere/thesis_ws/src/tracking/src/SparseAlignment.cpp: In member function ‘Eigen::Matrix<float, 8, 1> ImageAlignment::directTransformationEstimation(std::vector<cv::Mat>, cv::Mat&, Eigen::Matrix<float, 8, 1>)’:
/home/dexheimere/thesis_ws/src/tracking/src/SparseAlignment.cpp:356:46: error: ‘Pts’ was not declared in this scope
   J.leftCols(6) = calc_Jacobian(pixel_coord, Pts, ref_grad_x, ref_grad_y, K_multiplier);
                                              ^
make[2]: *** [CMakeFiles/tracking.dir/src/SparseAlignment.cpp.o] Error 1
make[2]: *** Waiting for unfinished jobs....
make[1]: *** [CMakeFiles/tracking.dir/all] Error 2
make: *** [all] Error 2
